Copyright 1986-2020 Xilinx, Inc. All Rights Reserved.
--------------------------------------------------------------------------------------------------------------------
| Tool Version : Vivado v.2020.1 (lin64) Build 2902540 Wed May 27 19:54:35 MDT 2020
| Date         : Wed Jul 14 13:27:26 2021
| Host         : daphne.linktest.lme running 64-bit Scientific Linux release 7.7 (Nitrogen)
| Command      : report_clock_utilization -file tri_mode_ethernet_mac_0_example_design_clock_utilization_routed.rpt
| Design       : tri_mode_ethernet_mac_0_example_design
| Device       : 7a200t-fbg676
| Speed File   : -2  PRODUCTION 1.23 2018-06-13
| Design State : Routed
--------------------------------------------------------------------------------------------------------------------

Clock Utilization Report

Table of Contents
-----------------
1. Clock Primitive Utilization
2. Global Clock Resources
3. Global Clock Source Details
4. Local Clock Details
5. Clock Regions: Key Resource Utilization
6. Clock Regions : Global Clock Summary
7. Device Cell Placement Summary for Global Clock g0
8. Device Cell Placement Summary for Global Clock g1
9. Device Cell Placement Summary for Global Clock g2
10. Device Cell Placement Summary for Global Clock g3
11. Device Cell Placement Summary for Global Clock g4
12. Device Cell Placement Summary for Global Clock g5
13. Device Cell Placement Summary for Global Clock g6
14. Device Cell Placement Summary for Global Clock g7
15. Clock Region Cell Placement per Global Clock: Region X0Y0
16. Clock Region Cell Placement per Global Clock: Region X0Y2
17. Clock Region Cell Placement per Global Clock: Region X1Y2
18. Clock Region Cell Placement per Global Clock: Region X0Y4

1. Clock Primitive Utilization
------------------------------

+----------+------+-----------+-----+--------------+--------+
| Type     | Used | Available | LOC | Clock Region | Pblock |
+----------+------+-----------+-----+--------------+--------+
| BUFGCTRL |    8 |        32 |   0 |            0 |      0 |
| BUFH     |    0 |       120 |   0 |            0 |      0 |
| BUFIO    |    0 |        40 |   0 |            0 |      0 |
| BUFMR    |    0 |        20 |   0 |            0 |      0 |
| BUFR     |    0 |        40 |   0 |            0 |      0 |
| MMCM     |    2 |        10 |   0 |            0 |      0 |
| PLL      |    0 |        10 |   0 |            0 |      0 |
+----------+------+-----------+-----+--------------+--------+


2. Global Clock Resources
-------------------------

+-----------+-----------+-----------------+------------+---------------+--------------+-------------------+-------------+-----------------+--------------+-------------------------------------------------------------------------------------------------------------+----------------------------------------------+--------------------------------------------+
| Global Id | Source Id | Driver Type/Pin | Constraint | Site          | Clock Region | Load Clock Region | Clock Loads | Non-Clock Loads | Clock Period | Clock                                                                                                       | Driver Pin                                   | Net                                        |
+-----------+-----------+-----------------+------------+---------------+--------------+-------------------+-------------+-----------------+--------------+-------------------------------------------------------------------------------------------------------------+----------------------------------------------+--------------------------------------------+
| g0        | src0      | BUFG/O          | None       | BUFGCTRL_X0Y4 | n/a          |                 1 |        2170 |               0 |        8.000 | clkout0                                                                                                     | pcs_pma/inst/core_clocking_i/bufg_userclk2/O | pcs_pma/inst/core_clocking_i/userclk2      |
| g1        | src1      | BUFG/O          | None       | BUFGCTRL_X0Y5 | n/a          |                 1 |         577 |               0 |        5.000 | clk_200_clk_wiz_0                                                                                           | clk_wiz_0/inst/clkout1_buf/O                 | clk_wiz_0/inst/clk_200                     |
| g2        | src2      | BUFG/O          | None       | BUFGCTRL_X0Y0 | n/a          |                 1 |         188 |               0 |       16.000 | pcs_pma/inst/pcs_pma_block_i/transceiver_inst/gtwizard_inst/inst/gtwizard_i/gt0_GTWIZARD_i/gtpe2_i/RXOUTCLK | pcs_pma/inst/core_clocking_i/rxrecclkbufg/O  | pcs_pma/inst/core_clocking_i/rxuserclk2    |
| g3        | src3      | BUFG/O          | None       | BUFGCTRL_X0Y1 | n/a          |                 1 |          76 |               0 |        8.000 | gtrefclk_p                                                                                                  | pcs_pma/inst/core_clocking_i/bufg_gtrefclk/O | pcs_pma/inst/core_clocking_i/gtrefclk_bufg |
| g4        | src0      | BUFG/O          | None       | BUFGCTRL_X0Y2 | n/a          |                 1 |          63 |               0 |       16.000 | clkout1                                                                                                     | pcs_pma/inst/core_clocking_i/bufg_userclk/O  | pcs_pma/inst/core_clocking_i/userclk       |
| g5        | src1      | BUFG/O          | None       | BUFGCTRL_X0Y6 | n/a          |                 1 |           1 |               0 |        6.400 | clkfbout_clk_wiz_0                                                                                          | clk_wiz_0/inst/clkf_buf/O                    | clk_wiz_0/inst/clkfbout_buf_clk_wiz_0      |
| g6        | src2      | BUFG/O          | None       | BUFGCTRL_X0Y7 | n/a          |                 1 |           1 |               0 |       16.000 | pcs_pma/inst/pcs_pma_block_i/transceiver_inst/gtwizard_inst/inst/gtwizard_i/gt0_GTWIZARD_i/gtpe2_i/TXOUTCLK | pcs_pma/inst/core_clocking_i/bufg_txoutclk/O | pcs_pma/inst/core_clocking_i/txoutclk_bufg |
| g7        | src1      | BUFG/O          | None       | BUFGCTRL_X0Y3 | n/a          |                 1 |           0 |               1 |        8.000 | clk_125_clk_wiz_0                                                                                           | clk_wiz_0/inst/clkout2_buf/O                 | clk_wiz_0/inst/clk_125                     |
+-----------+-----------+-----------------+------------+---------------+--------------+-------------------+-------------+-----------------+--------------+-------------------------------------------------------------------------------------------------------------+----------------------------------------------+--------------------------------------------+
* Clock Loads column represents the clock pin loads (pin count)
** Non-Clock Loads column represents the non-clock pin loads (pin count)


3. Global Clock Source Details
------------------------------

+-----------+-----------+------------------------+--------------------+--------------------+--------------+-------------+-----------------+---------------------+-------------------------------------------------------------------------------------------------------------+-------------------------------------------------------------------------------------------------------------+-----------------------------------------------------------------------------------------------------+
| Source Id | Global Id | Driver Type/Pin        | Constraint         | Site               | Clock Region | Clock Loads | Non-Clock Loads | Source Clock Period | Source Clock                                                                                                | Driver Pin                                                                                                  | Net                                                                                                 |
+-----------+-----------+------------------------+--------------------+--------------------+--------------+-------------+-----------------+---------------------+-------------------------------------------------------------------------------------------------------------+-------------------------------------------------------------------------------------------------------------+-----------------------------------------------------------------------------------------------------+
| src0      | g0        | MMCME2_ADV/CLKOUT0     | None               | MMCME2_ADV_X1Y2    | X1Y2         |           1 |               0 |               8.000 | clkout0                                                                                                     | pcs_pma/inst/core_clocking_i/mmcm_adv_inst/CLKOUT0                                                          | pcs_pma/inst/core_clocking_i/clkout0                                                                |
| src0      | g4        | MMCME2_ADV/CLKOUT1     | None               | MMCME2_ADV_X1Y2    | X1Y2         |           1 |               0 |              16.000 | clkout1                                                                                                     | pcs_pma/inst/core_clocking_i/mmcm_adv_inst/CLKOUT1                                                          | pcs_pma/inst/core_clocking_i/clkout1                                                                |
| src1      | g7        | MMCME2_ADV/CLKOUT1     | None               | MMCME2_ADV_X0Y2    | X0Y2         |           1 |               0 |               8.000 | clk_125_clk_wiz_0                                                                                           | clk_wiz_0/inst/mmcm_adv_inst/CLKOUT1                                                                        | clk_wiz_0/inst/clk_125_clk_wiz_0                                                                    |
| src1      | g1        | MMCME2_ADV/CLKOUT0     | None               | MMCME2_ADV_X0Y2    | X0Y2         |           1 |               0 |               5.000 | clk_200_clk_wiz_0                                                                                           | clk_wiz_0/inst/mmcm_adv_inst/CLKOUT0                                                                        | clk_wiz_0/inst/clk_200_clk_wiz_0                                                                    |
| src1      | g5        | MMCME2_ADV/CLKFBOUT    | None               | MMCME2_ADV_X0Y2    | X0Y2         |           1 |               0 |               6.400 | clkfbout_clk_wiz_0                                                                                          | clk_wiz_0/inst/mmcm_adv_inst/CLKFBOUT                                                                       | clk_wiz_0/inst/clkfbout_clk_wiz_0                                                                   |
| src2      | g2        | GTPE2_CHANNEL/RXOUTCLK | GTPE2_CHANNEL_X0Y0 | GTPE2_CHANNEL_X0Y0 | X0Y0         |           1 |               0 |              16.000 | pcs_pma/inst/pcs_pma_block_i/transceiver_inst/gtwizard_inst/inst/gtwizard_i/gt0_GTWIZARD_i/gtpe2_i/RXOUTCLK | pcs_pma/inst/pcs_pma_block_i/transceiver_inst/gtwizard_inst/inst/gtwizard_i/gt0_GTWIZARD_i/gtpe2_i/RXOUTCLK | pcs_pma/inst/pcs_pma_block_i/transceiver_inst/gtwizard_inst/inst/gtwizard_i/gt0_GTWIZARD_i/rxoutclk |
| src2      | g6        | GTPE2_CHANNEL/TXOUTCLK | GTPE2_CHANNEL_X0Y0 | GTPE2_CHANNEL_X0Y0 | X0Y0         |           1 |               0 |              16.000 | pcs_pma/inst/pcs_pma_block_i/transceiver_inst/gtwizard_inst/inst/gtwizard_i/gt0_GTWIZARD_i/gtpe2_i/TXOUTCLK | pcs_pma/inst/pcs_pma_block_i/transceiver_inst/gtwizard_inst/inst/gtwizard_i/gt0_GTWIZARD_i/gtpe2_i/TXOUTCLK | pcs_pma/inst/pcs_pma_block_i/transceiver_inst/gtwizard_inst/inst/gtwizard_i/gt0_GTWIZARD_i/txoutclk |
| src3      | g3        | IBUFDS_GTE2/O          | IBUFDS_GTE2_X0Y0   | IBUFDS_GTE2_X0Y0   | X0Y0         |           2 |               0 |               8.000 | gtrefclk_p                                                                                                  | pcs_pma/inst/core_clocking_i/ibufds_gtrefclk/O                                                              | pcs_pma/inst/core_clocking_i/gtrefclk_out                                                           |
+-----------+-----------+------------------------+--------------------+--------------------+--------------+-------------+-----------------+---------------------+-------------------------------------------------------------------------------------------------------------+-------------------------------------------------------------------------------------------------------------+-----------------------------------------------------------------------------------------------------+
* Clock Loads column represents the clock pin loads (pin count)
** Non-Clock Loads column represents the non-clock pin loads (pin count)


4. Local Clock Details
----------------------

+----------+-------------------------+------------+--------------------------------+--------------+-------------+-----------------+--------------+-------+---------------------------------------------------------+--------------------------------------------------+
| Local Id | Driver Type/Pin         | Constraint | Site/BEL                       | Clock Region | Clock Loads | Non-Clock Loads | Clock Period | Clock | Driver Pin                                              | Net                                              |
+----------+-------------------------+------------+--------------------------------+--------------+-------------+-----------------+--------------+-------+---------------------------------------------------------+--------------------------------------------------||
| 0        | GTPE2_COMMON/PLL0OUTCLK | None       | GTPE2_COMMON_X0Y0/GTPE2_COMMON | X0Y0         |           1 |               0 |              |       | pcs_pma/inst/core_gt_common_i/gtpe2_common_i/PLL0OUTCLK | pcs_pma/inst/core_gt_common_i/gt0_pll0outclk_out - Static -
| 1        | GTPE2_COMMON/PLL1OUTCLK | None       | GTPE2_COMMON_X0Y0/GTPE2_COMMON | X0Y0         |           1 |               0 |              |       | pcs_pma/inst/core_gt_common_i/gtpe2_common_i/PLL1OUTCLK | pcs_pma/inst/core_gt_common_i/gt0_pll1outclk_out - Static -
+----------+-------------------------+------------+--------------------------------+--------------+-------------+-----------------+--------------+-------+---------------------------------------------------------+--------------------------------------------------||
* Local Clocks in this context represents only clocks driven by non-global buffers
** Clock Loads column represents the clock pin loads (pin count)
*** Non-Clock Loads column represents the non-clock pin loads (pin count)


5. Clock Regions: Key Resource Utilization
------------------------------------------

+-------------------+--------------+--------------+--------------+--------------+--------------+--------------+--------------+--------------+--------------+--------------+--------------+--------------+--------------+--------------+--------------+
|                   | Global Clock |     BUFRs    |    BUFMRs    |    BUFIOs    |     MMCM     |      PLL     |      GT      |      PCI     |    ILOGIC    |    OLOGIC    |      FF      |     LUTM     |    RAMB18    |    RAMB36    |    DSP48E2   |
+-------------------+------+-------+------+-------+------+-------+------+-------+------+-------+------+-------+------+-------+------+-------+------+-------+------+-------+------+-------+------+-------+------+-------+------+-------+------+-------+
| Clock Region Name | Used | Avail | Used | Avail | Used | Avail | Used | Avail | Used | Avail | Used | Avail | Used | Avail | Used | Avail | Used | Avail | Used | Avail | Used | Avail | Used | Avail | Used | Avail | Used | Avail | Used | Avail |
+-------------------+------+-------+------+-------+------+-------+------+-------+------+-------+------+-------+------+-------+------+-------+------+-------+------+-------+------+-------+------+-------+------+-------+------+-------+------+-------+
| X0Y0              |    5 |    12 |    0 |     4 |    0 |     2 |    0 |     4 |    0 |     1 |    0 |     1 |    1 |     4 |    0 |     0 |    0 |    50 |    0 |    50 | 2992 |  2700 |  897 |   800 |    0 |    60 |    2 |    30 |    0 |    60 |
| X1Y0              |    0 |    12 |    0 |     4 |    0 |     2 |    0 |     4 |    0 |     1 |    0 |     1 |    0 |     4 |    0 |     0 |    0 |    50 |    0 |    50 |    0 |  2500 |    0 |   800 |    0 |    40 |    0 |    20 |    0 |    40 |
| X0Y1              |    0 |    12 |    0 |     4 |    0 |     2 |    0 |     4 |    0 |     1 |    0 |     1 |    0 |     0 |    0 |     0 |    0 |    50 |    0 |    50 |    0 |  4200 |    0 |  1400 |    0 |   100 |    0 |    50 |    0 |   100 |
| X1Y1              |    0 |    12 |    0 |     4 |    0 |     2 |    0 |     4 |    0 |     1 |    0 |     1 |    0 |     0 |    0 |     0 |    0 |    50 |    0 |    50 |    0 |  4000 |    0 |  1400 |    0 |    80 |    0 |    40 |    0 |    80 |
| X0Y2              |    1 |    12 |    0 |     4 |    0 |     2 |    0 |     4 |    1 |     1 |    0 |     1 |    0 |     0 |    0 |     0 |    0 |    50 |    0 |    50 |    0 |  3600 |    0 |  1400 |    0 |   100 |    0 |    50 |    0 |   100 |
| X1Y2              |    1 |    12 |    0 |     4 |    0 |     2 |    0 |     4 |    1 |     1 |    0 |     1 |    0 |     0 |    0 |     0 |    0 |    50 |    0 |    50 |    0 |  4000 |    0 |  1400 |    0 |    80 |    0 |    40 |    0 |    80 |
| X0Y3              |    0 |    12 |    0 |     4 |    0 |     2 |    0 |     4 |    0 |     1 |    0 |     1 |    0 |     0 |    0 |     0 |    0 |    50 |    0 |    50 |    0 |  3600 |    0 |  1400 |    0 |   100 |    0 |    50 |    0 |   100 |
| X1Y3              |    0 |    12 |    0 |     4 |    0 |     2 |    0 |     4 |    0 |     1 |    0 |     1 |    0 |     0 |    0 |     0 |    0 |    50 |    0 |    50 |    0 |  4000 |    0 |  1400 |    0 |    80 |    0 |    40 |    0 |    80 |
| X0Y4              |    1 |    12 |    0 |     4 |    0 |     2 |    0 |     4 |    0 |     1 |    0 |     1 |    0 |     4 |    0 |     1 |    0 |    50 |    0 |    50 |    0 |  2550 |    0 |   750 |    0 |    50 |    0 |    25 |    0 |    60 |
| X1Y4              |    0 |    12 |    0 |     4 |    0 |     2 |    0 |     4 |    0 |     1 |    0 |     1 |    0 |     4 |    0 |     0 |    0 |    50 |    0 |    50 |    0 |  2500 |    0 |   800 |    0 |    40 |    0 |    20 |    0 |    40 |
+-------------------+------+-------+------+-------+------+-------+------+-------+------+-------+------+-------+------+-------+------+-------+------+-------+------+-------+------+-------+------+-------+------+-------+------+-------+------+-------+
* Global Clock column represents track count; while other columns represents cell counts


6. Clock Regions : Global Clock Summary
---------------------------------------

All Modules
+----+----+----+
|    | X0 | X1 |
+----+----+----+
| Y4 |  1 |  0 |
| Y3 |  0 |  0 |
| Y2 |  1 |  1 |
| Y1 |  0 |  0 |
| Y0 |  5 |  0 |
+----+----+----+


7. Device Cell Placement Summary for Global Clock g0
----------------------------------------------------

+-----------+-----------------+-------------------+---------+-------------+---------------+-------------+----------+----------------+----------+---------------------------------------+
| Global Id | Driver Type/Pin | Driver Region (D) | Clock   | Period (ns) | Waveform (ns) | Slice Loads | IO Loads | Clocking Loads | GT Loads | Net                                   |
+-----------+-----------------+-------------------+---------+-------------+---------------+-------------+----------+----------------+----------+---------------------------------------+
| g0        | BUFG/O          | n/a               | clkout0 |       8.000 | {0.000 4.000} |        2142 |        0 |              0 |        0 | pcs_pma/inst/core_clocking_i/userclk2 |
+-----------+-----------------+-------------------+---------+-------------+---------------+-------------+----------+----------------+----------+---------------------------------------+
* Slice Loads column represents load cell count of all cell types other than IO, GT and clock resources
** IO Loads column represents load cell count of IO types
*** Clocking Loads column represents load cell count that are clock resources (global clock buffer, MMCM, PLL, etc)
**** GT Loads column represents load cell count of GT types


+----+-------+----+
|    | X0    | X1 |
+----+-------+----+
| Y4 |     0 |  0 |
| Y3 |     0 |  0 |
| Y2 |     0 |  0 |
| Y1 |     0 |  0 |
| Y0 |  2142 |  0 |
+----+-------+----+


8. Device Cell Placement Summary for Global Clock g1
----------------------------------------------------

+-----------+-----------------+-------------------+-------------------+-------------+---------------+-------------+----------+----------------+----------+------------------------+
| Global Id | Driver Type/Pin | Driver Region (D) | Clock             | Period (ns) | Waveform (ns) | Slice Loads | IO Loads | Clocking Loads | GT Loads | Net                    |
+-----------+-----------------+-------------------+-------------------+-------------+---------------+-------------+----------+----------------+----------+------------------------+
| g1        | BUFG/O          | n/a               | clk_200_clk_wiz_0 |       5.000 | {0.000 2.500} |         576 |        0 |              0 |        1 | clk_wiz_0/inst/clk_200 |
+-----------+-----------------+-------------------+-------------------+-------------+---------------+-------------+----------+----------------+----------+------------------------+
* Slice Loads column represents load cell count of all cell types other than IO, GT and clock resources
** IO Loads column represents load cell count of IO types
*** Clocking Loads column represents load cell count that are clock resources (global clock buffer, MMCM, PLL, etc)
**** GT Loads column represents load cell count of GT types


+----+------+----+
|    | X0   | X1 |
+----+------+----+
| Y4 |    0 |  0 |
| Y3 |    0 |  0 |
| Y2 |    0 |  0 |
| Y1 |    0 |  0 |
| Y0 |  577 |  0 |
+----+------+----+


9. Device Cell Placement Summary for Global Clock g2
----------------------------------------------------

+-----------+-----------------+-------------------+-------------------------------------------------------------------------------------------------------------+-------------+---------------+-------------+----------+----------------+----------+-----------------------------------------+
| Global Id | Driver Type/Pin | Driver Region (D) | Clock                                                                                                       | Period (ns) | Waveform (ns) | Slice Loads | IO Loads | Clocking Loads | GT Loads | Net                                     |
+-----------+-----------------+-------------------+-------------------------------------------------------------------------------------------------------------+-------------+---------------+-------------+----------+----------------+----------+-----------------------------------------+
| g2        | BUFG/O          | n/a               | pcs_pma/inst/pcs_pma_block_i/transceiver_inst/gtwizard_inst/inst/gtwizard_i/gt0_GTWIZARD_i/gtpe2_i/RXOUTCLK |      16.000 | {0.000 8.000} |         176 |        0 |              0 |        1 | pcs_pma/inst/core_clocking_i/rxuserclk2 |
+-----------+-----------------+-------------------+-------------------------------------------------------------------------------------------------------------+-------------+---------------+-------------+----------+----------------+----------+-----------------------------------------+
* Slice Loads column represents load cell count of all cell types other than IO, GT and clock resources
** IO Loads column represents load cell count of IO types
*** Clocking Loads column represents load cell count that are clock resources (global clock buffer, MMCM, PLL, etc)
**** GT Loads column represents load cell count of GT types


+----+------+----+
|    | X0   | X1 |
+----+------+----+
| Y4 |    0 |  0 |
| Y3 |    0 |  0 |
| Y2 |    0 |  0 |
| Y1 |    0 |  0 |
| Y0 |  177 |  0 |
+----+------+----+


10. Device Cell Placement Summary for Global Clock g3
-----------------------------------------------------

+-----------+-----------------+-------------------+------------+-------------+---------------+-------------+----------+----------------+----------+--------------------------------------------+
| Global Id | Driver Type/Pin | Driver Region (D) | Clock      | Period (ns) | Waveform (ns) | Slice Loads | IO Loads | Clocking Loads | GT Loads | Net                                        |
+-----------+-----------------+-------------------+------------+-------------+---------------+-------------+----------+----------------+----------+--------------------------------------------+
| g3        | BUFG/O          | n/a               | gtrefclk_p |       8.000 | {0.000 4.000} |          75 |        0 |              0 |        1 | pcs_pma/inst/core_clocking_i/gtrefclk_bufg |
+-----------+-----------------+-------------------+------------+-------------+---------------+-------------+----------+----------------+----------+--------------------------------------------+
* Slice Loads column represents load cell count of all cell types other than IO, GT and clock resources
** IO Loads column represents load cell count of IO types
*** Clocking Loads column represents load cell count that are clock resources (global clock buffer, MMCM, PLL, etc)
**** GT Loads column represents load cell count of GT types


+----+-----+----+
|    | X0  | X1 |
+----+-----+----+
| Y4 |   0 |  0 |
| Y3 |   0 |  0 |
| Y2 |   0 |  0 |
| Y1 |   0 |  0 |
| Y0 |  76 |  0 |
+----+-----+----+


11. Device Cell Placement Summary for Global Clock g4
-----------------------------------------------------

+-----------+-----------------+-------------------+---------+-------------+---------------+-------------+----------+----------------+----------+--------------------------------------+
| Global Id | Driver Type/Pin | Driver Region (D) | Clock   | Period (ns) | Waveform (ns) | Slice Loads | IO Loads | Clocking Loads | GT Loads | Net                                  |
+-----------+-----------------+-------------------+---------+-------------+---------------+-------------+----------+----------------+----------+--------------------------------------+
| g4        | BUFG/O          | n/a               | clkout1 |      16.000 | {0.000 8.000} |          61 |        0 |              0 |        1 | pcs_pma/inst/core_clocking_i/userclk |
+-----------+-----------------+-------------------+---------+-------------+---------------+-------------+----------+----------------+----------+--------------------------------------+
* Slice Loads column represents load cell count of all cell types other than IO, GT and clock resources
** IO Loads column represents load cell count of IO types
*** Clocking Loads column represents load cell count that are clock resources (global clock buffer, MMCM, PLL, etc)
**** GT Loads column represents load cell count of GT types


+----+-----+----+
|    | X0  | X1 |
+----+-----+----+
| Y4 |   0 |  0 |
| Y3 |   0 |  0 |
| Y2 |   0 |  0 |
| Y1 |   0 |  0 |
| Y0 |  62 |  0 |
+----+-----+----+


12. Device Cell Placement Summary for Global Clock g5
-----------------------------------------------------

+-----------+-----------------+-------------------+--------------------+-------------+---------------+-------------+----------+----------------+----------+---------------------------------------+
| Global Id | Driver Type/Pin | Driver Region (D) | Clock              | Period (ns) | Waveform (ns) | Slice Loads | IO Loads | Clocking Loads | GT Loads | Net                                   |
+-----------+-----------------+-------------------+--------------------+-------------+---------------+-------------+----------+----------------+----------+---------------------------------------+
| g5        | BUFG/O          | n/a               | clkfbout_clk_wiz_0 |       6.400 | {0.000 3.200} |           0 |        0 |              1 |        0 | clk_wiz_0/inst/clkfbout_buf_clk_wiz_0 |
+-----------+-----------------+-------------------+--------------------+-------------+---------------+-------------+----------+----------------+----------+---------------------------------------+
* Slice Loads column represents load cell count of all cell types other than IO, GT and clock resources
** IO Loads column represents load cell count of IO types
*** Clocking Loads column represents load cell count that are clock resources (global clock buffer, MMCM, PLL, etc)
**** GT Loads column represents load cell count of GT types


+----+----+----+
|    | X0 | X1 |
+----+----+----+
| Y4 |  0 |  0 |
| Y3 |  0 |  0 |
| Y2 |  1 |  0 |
| Y1 |  0 |  0 |
| Y0 |  0 |  0 |
+----+----+----+


13. Device Cell Placement Summary for Global Clock g6
-----------------------------------------------------

+-----------+-----------------+-------------------+-------------------------------------------------------------------------------------------------------------+-------------+---------------+-------------+----------+----------------+----------+--------------------------------------------+
| Global Id | Driver Type/Pin | Driver Region (D) | Clock                                                                                                       | Period (ns) | Waveform (ns) | Slice Loads | IO Loads | Clocking Loads | GT Loads | Net                                        |
+-----------+-----------------+-------------------+-------------------------------------------------------------------------------------------------------------+-------------+---------------+-------------+----------+----------------+----------+--------------------------------------------+
| g6        | BUFG/O          | n/a               | pcs_pma/inst/pcs_pma_block_i/transceiver_inst/gtwizard_inst/inst/gtwizard_i/gt0_GTWIZARD_i/gtpe2_i/TXOUTCLK |      16.000 | {0.000 8.000} |           0 |        0 |              1 |        0 | pcs_pma/inst/core_clocking_i/txoutclk_bufg |
+-----------+-----------------+-------------------+-------------------------------------------------------------------------------------------------------------+-------------+---------------+-------------+----------+----------------+----------+--------------------------------------------+
* Slice Loads column represents load cell count of all cell types other than IO, GT and clock resources
** IO Loads column represents load cell count of IO types
*** Clocking Loads column represents load cell count that are clock resources (global clock buffer, MMCM, PLL, etc)
**** GT Loads column represents load cell count of GT types


+----+----+----+
|    | X0 | X1 |
+----+----+----+
| Y4 |  0 |  0 |
| Y3 |  0 |  0 |
| Y2 |  0 |  1 |
| Y1 |  0 |  0 |
| Y0 |  0 |  0 |
+----+----+----+


14. Device Cell Placement Summary for Global Clock g7
-----------------------------------------------------

+-----------+-----------------+-------------------+-------------------+-------------+---------------+-------------+----------+----------------+----------+------------------------+
| Global Id | Driver Type/Pin | Driver Region (D) | Clock             | Period (ns) | Waveform (ns) | Slice Loads | IO Loads | Clocking Loads | GT Loads | Net                    |
+-----------+-----------------+-------------------+-------------------+-------------+---------------+-------------+----------+----------------+----------+------------------------+
| g7        | BUFG/O          | n/a               | clk_125_clk_wiz_0 |       8.000 | {0.000 4.000} |           0 |        1 |              0 |        0 | clk_wiz_0/inst/clk_125 |
+-----------+-----------------+-------------------+-------------------+-------------+---------------+-------------+----------+----------------+----------+------------------------+
* Slice Loads column represents load cell count of all cell types other than IO, GT and clock resources
** IO Loads column represents load cell count of IO types
*** Clocking Loads column represents load cell count that are clock resources (global clock buffer, MMCM, PLL, etc)
**** GT Loads column represents load cell count of GT types


+----+----+----+
|    | X0 | X1 |
+----+----+----+
| Y4 |  1 |  0 |
| Y3 |  0 |  0 |
| Y2 |  0 |  0 |
| Y1 |  0 |  0 |
| Y0 |  0 |  0 |
+----+----+----+


15. Clock Region Cell Placement per Global Clock: Region X0Y0
-------------------------------------------------------------

+-----------+-------+-----------------+------------+-------------+-----------------+------+--------+------+-----+----+------+-----+---------+--------------------------------------------+
| Global Id | Track | Driver Type/Pin | Constraint | Clock Loads | Non-Clock Loads | FF   | LUTRAM | RAMB | DSP | GT | MMCM | PLL | Hard IP | Net                                        |
+-----------+-------+-----------------+------------+-------------+-----------------+------+--------+------+-----+----+------+-----+---------+--------------------------------------------+
| g0        | n/a   | BUFG/O          | None       |        2142 |               0 | 2112 |     28 |    2 |   0 |  0 |    0 |   0 |       0 | pcs_pma/inst/core_clocking_i/userclk2      |
| g1        | n/a   | BUFG/O          | None       |         577 |               0 |  575 |      1 |    0 |   0 |  0 |    0 |   0 |       0 | clk_wiz_0/inst/clk_200                     |
| g2        | n/a   | BUFG/O          | None       |         177 |               0 |  176 |      0 |    0 |   0 |  1 |    0 |   0 |       0 | pcs_pma/inst/core_clocking_i/rxuserclk2    |
| g3        | n/a   | BUFG/O          | None       |          76 |               0 |   68 |      7 |    0 |   0 |  1 |    0 |   0 |       0 | pcs_pma/inst/core_clocking_i/gtrefclk_bufg |
| g4        | n/a   | BUFG/O          | None       |          62 |               0 |   61 |      0 |    0 |   0 |  1 |    0 |   0 |       0 | pcs_pma/inst/core_clocking_i/userclk       |
+-----------+-------+-----------------+------------+-------------+-----------------+------+--------+------+-----+----+------+-----+---------+--------------------------------------------+
* Clock Loads column represents the clock pin loads (pin count)
** Non-Clock Loads column represents the non-clock pin loads (pin count)
*** Columns FF, LUTRAM, RAMB through 'Hard IP' represents load cell counts


16. Clock Region Cell Placement per Global Clock: Region X0Y2
-------------------------------------------------------------

+-----------+-------+-----------------+------------+-------------+-----------------+----+--------+------+-----+----+------+-----+---------+---------------------------------------+
| Global Id | Track | Driver Type/Pin | Constraint | Clock Loads | Non-Clock Loads | FF | LUTRAM | RAMB | DSP | GT | MMCM | PLL | Hard IP | Net                                   |
+-----------+-------+-----------------+------------+-------------+-----------------+----+--------+------+-----+----+------+-----+---------+---------------------------------------+
| g5        | n/a   | BUFG/O          | None       |           1 |               0 |  0 |      0 |    0 |   0 |  0 |    1 |   0 |       0 | clk_wiz_0/inst/clkfbout_buf_clk_wiz_0 |
+-----------+-------+-----------------+------------+-------------+-----------------+----+--------+------+-----+----+------+-----+---------+---------------------------------------+
* Clock Loads column represents the clock pin loads (pin count)
** Non-Clock Loads column represents the non-clock pin loads (pin count)
*** Columns FF, LUTRAM, RAMB through 'Hard IP' represents load cell counts


17. Clock Region Cell Placement per Global Clock: Region X1Y2
-------------------------------------------------------------

+-----------+-------+-----------------+------------+-------------+-----------------+----+--------+------+-----+----+------+-----+---------+--------------------------------------------+
| Global Id | Track | Driver Type/Pin | Constraint | Clock Loads | Non-Clock Loads | FF | LUTRAM | RAMB | DSP | GT | MMCM | PLL | Hard IP | Net                                        |
+-----------+-------+-----------------+------------+-------------+-----------------+----+--------+------+-----+----+------+-----+---------+--------------------------------------------+
| g6        | n/a   | BUFG/O          | None       |           1 |               0 |  0 |      0 |    0 |   0 |  0 |    1 |   0 |       0 | pcs_pma/inst/core_clocking_i/txoutclk_bufg |
+-----------+-------+-----------------+------------+-------------+-----------------+----+--------+------+-----+----+------+-----+---------+--------------------------------------------+
* Clock Loads column represents the clock pin loads (pin count)
** Non-Clock Loads column represents the non-clock pin loads (pin count)
*** Columns FF, LUTRAM, RAMB through 'Hard IP' represents load cell counts


18. Clock Region Cell Placement per Global Clock: Region X0Y4
-------------------------------------------------------------

+-----------+-------+-----------------+------------+-------------+-----------------+----+--------+------+-----+----+------+-----+---------+------------------------+
| Global Id | Track | Driver Type/Pin | Constraint | Clock Loads | Non-Clock Loads | FF | LUTRAM | RAMB | DSP | GT | MMCM | PLL | Hard IP | Net                    |
+-----------+-------+-----------------+------------+-------------+-----------------+----+--------+------+-----+----+------+-----+---------+------------------------+
| g7        | n/a   | BUFG/O          | None       |           0 |               1 |  0 |      0 |    0 |   0 |  0 |    0 |   0 |       0 | clk_wiz_0/inst/clk_125 |
+-----------+-------+-----------------+------------+-------------+-----------------+----+--------+------+-----+----+------+-----+---------+------------------------+
* Clock Loads column represents the clock pin loads (pin count)
** Non-Clock Loads column represents the non-clock pin loads (pin count)
*** Columns FF, LUTRAM, RAMB through 'Hard IP' represents load cell counts



# Location of BUFG Primitives 
set_property LOC BUFGCTRL_X0Y4 [get_cells pcs_pma/inst/core_clocking_i/bufg_userclk2]
set_property LOC BUFGCTRL_X0Y2 [get_cells pcs_pma/inst/core_clocking_i/bufg_userclk]
set_property LOC BUFGCTRL_X0Y7 [get_cells pcs_pma/inst/core_clocking_i/bufg_txoutclk]
set_property LOC BUFGCTRL_X0Y0 [get_cells pcs_pma/inst/core_clocking_i/rxrecclkbufg]
set_property LOC BUFGCTRL_X0Y1 [get_cells pcs_pma/inst/core_clocking_i/bufg_gtrefclk]
set_property LOC BUFGCTRL_X0Y6 [get_cells clk_wiz_0/inst/clkf_buf]
set_property LOC BUFGCTRL_X0Y5 [get_cells clk_wiz_0/inst/clkout1_buf]
set_property LOC BUFGCTRL_X0Y3 [get_cells clk_wiz_0/inst/clkout2_buf]

# Location of IO Primitives which is load of clock spine
set_property LOC IOB_X0Y202 [get_cells OBUFDS]

# Location of clock ports
set_property LOC IOB_X0Y125 [get_ports USER_CLK_N]
set_property LOC IOB_X0Y126 [get_ports USER_CLK_P]
set_property LOC IPAD_X1Y9 [get_ports gtrefclk_n]
set_property LOC IPAD_X1Y8 [get_ports gtrefclk_p]

# Clock net "pcs_pma/inst/core_clocking_i/userclk2" driven by instance "pcs_pma/inst/core_clocking_i/bufg_userclk2" located at site "BUFGCTRL_X0Y4"
#startgroup
create_pblock {CLKAG_pcs_pma/inst/core_clocking_i/userclk2}
add_cells_to_pblock [get_pblocks  {CLKAG_pcs_pma/inst/core_clocking_i/userclk2}] [get_cells -filter { PRIMITIVE_GROUP != I/O && IS_PRIMITIVE==1 && PRIMITIVE_LEVEL !=INTERNAL } -of_object [get_pins -filter {DIRECTION==IN} -of_objects [get_nets -hierarchical -filter {PARENT=="pcs_pma/inst/core_clocking_i/userclk2"}]]]
resize_pblock [get_pblocks {CLKAG_pcs_pma/inst/core_clocking_i/userclk2}] -add {CLOCKREGION_X0Y0:CLOCKREGION_X0Y0}
#endgroup

# Clock net "pcs_pma/inst/core_clocking_i/userclk" driven by instance "pcs_pma/inst/core_clocking_i/bufg_userclk" located at site "BUFGCTRL_X0Y2"
#startgroup
create_pblock {CLKAG_pcs_pma/inst/core_clocking_i/userclk}
add_cells_to_pblock [get_pblocks  {CLKAG_pcs_pma/inst/core_clocking_i/userclk}] [get_cells -filter { PRIMITIVE_GROUP != I/O && IS_PRIMITIVE==1 && PRIMITIVE_LEVEL !=INTERNAL } -of_object [get_pins -filter {DIRECTION==IN} -of_objects [get_nets -hierarchical -filter {PARENT=="pcs_pma/inst/core_clocking_i/userclk"}]]]
resize_pblock [get_pblocks {CLKAG_pcs_pma/inst/core_clocking_i/userclk}] -add {CLOCKREGION_X0Y0:CLOCKREGION_X0Y0}
#endgroup

# Clock net "pcs_pma/inst/core_clocking_i/rxuserclk2" driven by instance "pcs_pma/inst/core_clocking_i/rxrecclkbufg" located at site "BUFGCTRL_X0Y0"
#startgroup
create_pblock {CLKAG_pcs_pma/inst/core_clocking_i/rxuserclk2}
add_cells_to_pblock [get_pblocks  {CLKAG_pcs_pma/inst/core_clocking_i/rxuserclk2}] [get_cells -filter { PRIMITIVE_GROUP != I/O && IS_PRIMITIVE==1 && PRIMITIVE_LEVEL !=INTERNAL } -of_object [get_pins -filter {DIRECTION==IN} -of_objects [get_nets -hierarchical -filter {PARENT=="pcs_pma/inst/core_clocking_i/rxuserclk2"}]]]
resize_pblock [get_pblocks {CLKAG_pcs_pma/inst/core_clocking_i/rxuserclk2}] -add {CLOCKREGION_X0Y0:CLOCKREGION_X0Y0}
#endgroup

# Clock net "pcs_pma/inst/core_clocking_i/gtrefclk_bufg" driven by instance "pcs_pma/inst/core_clocking_i/bufg_gtrefclk" located at site "BUFGCTRL_X0Y1"
#startgroup
create_pblock {CLKAG_pcs_pma/inst/core_clocking_i/gtrefclk_bufg}
add_cells_to_pblock [get_pblocks  {CLKAG_pcs_pma/inst/core_clocking_i/gtrefclk_bufg}] [get_cells -filter { PRIMITIVE_GROUP != I/O && IS_PRIMITIVE==1 && PRIMITIVE_LEVEL !=INTERNAL } -of_object [get_pins -filter {DIRECTION==IN} -of_objects [get_nets -hierarchical -filter {PARENT=="pcs_pma/inst/core_clocking_i/gtrefclk_bufg"}]]]
resize_pblock [get_pblocks {CLKAG_pcs_pma/inst/core_clocking_i/gtrefclk_bufg}] -add {CLOCKREGION_X0Y0:CLOCKREGION_X0Y0}
#endgroup

# Clock net "clk_wiz_0/inst/clk_200" driven by instance "clk_wiz_0/inst/clkout1_buf" located at site "BUFGCTRL_X0Y5"
#startgroup
create_pblock {CLKAG_clk_wiz_0/inst/clk_200}
add_cells_to_pblock [get_pblocks  {CLKAG_clk_wiz_0/inst/clk_200}] [get_cells -filter { PRIMITIVE_GROUP != I/O && IS_PRIMITIVE==1 && PRIMITIVE_LEVEL !=INTERNAL } -of_object [get_pins -filter {DIRECTION==IN} -of_objects [get_nets -hierarchical -filter {PARENT=="clk_wiz_0/inst/clk_200"}]]]
resize_pblock [get_pblocks {CLKAG_clk_wiz_0/inst/clk_200}] -add {CLOCKREGION_X0Y0:CLOCKREGION_X0Y0}
#endgroup
