INFO: [VRFC 10-2263] Analyzing Verilog file "/home/daphnelme/Desktop/DAPHNE_SGMII/tri_mode_ethernet_mac_0_ex/tri_mode_ethernet_mac_0_ex.sim/sim_1/impl/func/xsim/demo_tb_func_impl.v" into library xil_defaultlib
INFO: [VRFC 10-311] analyzing module clk_wiz_0
INFO: [VRFC 10-311] analyzing module clk_wiz_0_clk_wiz_0_clk_wiz
INFO: [VRFC 10-311] analyzing module gig_ethernet_pcs_pma_0
INFO: [VRFC 10-311] analyzing module gig_ethernet_pcs_pma_0_gig_ethernet_pcs_pma_0_GTWIZARD
INFO: [VRFC 10-311] analyzing module gig_ethernet_pcs_pma_0_gig_ethernet_pcs_pma_0_GTWIZARD_GT
INFO: [VRFC 10-311] analyzing module gig_ethernet_pcs_pma_0_gig_ethernet_pcs_pma_0_GTWIZARD_init
INFO: [VRFC 10-311] analyzing module gig_ethernet_pcs_pma_0_gig_ethernet_pcs_pma_0_GTWIZARD_multi_gt
INFO: [VRFC 10-311] analyzing module gig_ethernet_pcs_pma_0_gig_ethernet_pcs_pma_0_RX_STARTUP_FSM
INFO: [VRFC 10-311] analyzing module gig_ethernet_pcs_pma_0_gig_ethernet_pcs_pma_0_TX_STARTUP_FSM
INFO: [VRFC 10-311] analyzing module gig_ethernet_pcs_pma_0_gig_ethernet_pcs_pma_0_block
INFO: [VRFC 10-311] analyzing module gig_ethernet_pcs_pma_0_gig_ethernet_pcs_pma_0_clk_gen
INFO: [VRFC 10-311] analyzing module gig_ethernet_pcs_pma_0_gig_ethernet_pcs_pma_0_clocking
INFO: [VRFC 10-311] analyzing module gig_ethernet_pcs_pma_0_gig_ethernet_pcs_pma_0_common_reset
INFO: [VRFC 10-311] analyzing module gig_ethernet_pcs_pma_0_gig_ethernet_pcs_pma_0_gt_common
INFO: [VRFC 10-311] analyzing module gig_ethernet_pcs_pma_0_gig_ethernet_pcs_pma_0_gtwizard_gtrxreset_seq
INFO: [VRFC 10-311] analyzing module gig_ethernet_pcs_pma_0_gig_ethernet_pcs_pma_0_johnson_cntr
INFO: [VRFC 10-311] analyzing module gig_ethernet_pcs_pma_0_gig_ethernet_pcs_pma_0_johnson_cntr_37
INFO: [VRFC 10-311] analyzing module gig_ethernet_pcs_pma_0_gig_ethernet_pcs_pma_0_reset_sync
INFO: [VRFC 10-311] analyzing module gig_ethernet_pcs_pma_0_gig_ethernet_pcs_pma_0_reset_sync_1
INFO: [VRFC 10-311] analyzing module gig_ethernet_pcs_pma_0_gig_ethernet_pcs_pma_0_reset_sync_18
INFO: [VRFC 10-311] analyzing module gig_ethernet_pcs_pma_0_gig_ethernet_pcs_pma_0_reset_sync_19
INFO: [VRFC 10-311] analyzing module gig_ethernet_pcs_pma_0_gig_ethernet_pcs_pma_0_reset_sync_2
INFO: [VRFC 10-311] analyzing module gig_ethernet_pcs_pma_0_gig_ethernet_pcs_pma_0_reset_sync_3
INFO: [VRFC 10-311] analyzing module gig_ethernet_pcs_pma_0_gig_ethernet_pcs_pma_0_reset_sync_34
INFO: [VRFC 10-311] analyzing module gig_ethernet_pcs_pma_0_gig_ethernet_pcs_pma_0_reset_wtd_timer
INFO: [VRFC 10-311] analyzing module gig_ethernet_pcs_pma_0_gig_ethernet_pcs_pma_0_resets
INFO: [VRFC 10-311] analyzing module gig_ethernet_pcs_pma_0_gig_ethernet_pcs_pma_0_rx_elastic_buffer
INFO: [VRFC 10-311] analyzing module gig_ethernet_pcs_pma_0_gig_ethernet_pcs_pma_0_rx_rate_adapt
INFO: [VRFC 10-311] analyzing module gig_ethernet_pcs_pma_0_gig_ethernet_pcs_pma_0_sgmii_adapt
INFO: [VRFC 10-311] analyzing module gig_ethernet_pcs_pma_0_gig_ethernet_pcs_pma_0_support
INFO: [VRFC 10-311] analyzing module gig_ethernet_pcs_pma_0_gig_ethernet_pcs_pma_0_sync_block
INFO: [VRFC 10-311] analyzing module gig_ethernet_pcs_pma_0_gig_ethernet_pcs_pma_0_sync_block_0
INFO: [VRFC 10-311] analyzing module gig_ethernet_pcs_pma_0_gig_ethernet_pcs_pma_0_sync_block_10
INFO: [VRFC 10-311] analyzing module gig_ethernet_pcs_pma_0_gig_ethernet_pcs_pma_0_sync_block_11
INFO: [VRFC 10-311] analyzing module gig_ethernet_pcs_pma_0_gig_ethernet_pcs_pma_0_sync_block_12
INFO: [VRFC 10-311] analyzing module gig_ethernet_pcs_pma_0_gig_ethernet_pcs_pma_0_sync_block_13
INFO: [VRFC 10-311] analyzing module gig_ethernet_pcs_pma_0_gig_ethernet_pcs_pma_0_sync_block_14
INFO: [VRFC 10-311] analyzing module gig_ethernet_pcs_pma_0_gig_ethernet_pcs_pma_0_sync_block_15
INFO: [VRFC 10-311] analyzing module gig_ethernet_pcs_pma_0_gig_ethernet_pcs_pma_0_sync_block_16
INFO: [VRFC 10-311] analyzing module gig_ethernet_pcs_pma_0_gig_ethernet_pcs_pma_0_sync_block_17
INFO: [VRFC 10-311] analyzing module gig_ethernet_pcs_pma_0_gig_ethernet_pcs_pma_0_sync_block_20
INFO: [VRFC 10-311] analyzing module gig_ethernet_pcs_pma_0_gig_ethernet_pcs_pma_0_sync_block_21
INFO: [VRFC 10-311] analyzing module gig_ethernet_pcs_pma_0_gig_ethernet_pcs_pma_0_sync_block_22
INFO: [VRFC 10-311] analyzing module gig_ethernet_pcs_pma_0_gig_ethernet_pcs_pma_0_sync_block_23
INFO: [VRFC 10-311] analyzing module gig_ethernet_pcs_pma_0_gig_ethernet_pcs_pma_0_sync_block_24
INFO: [VRFC 10-311] analyzing module gig_ethernet_pcs_pma_0_gig_ethernet_pcs_pma_0_sync_block_25
INFO: [VRFC 10-311] analyzing module gig_ethernet_pcs_pma_0_gig_ethernet_pcs_pma_0_sync_block_26
INFO: [VRFC 10-311] analyzing module gig_ethernet_pcs_pma_0_gig_ethernet_pcs_pma_0_sync_block_27
INFO: [VRFC 10-311] analyzing module gig_ethernet_pcs_pma_0_gig_ethernet_pcs_pma_0_sync_block_28
INFO: [VRFC 10-311] analyzing module gig_ethernet_pcs_pma_0_gig_ethernet_pcs_pma_0_sync_block_29
INFO: [VRFC 10-311] analyzing module gig_ethernet_pcs_pma_0_gig_ethernet_pcs_pma_0_sync_block_30
INFO: [VRFC 10-311] analyzing module gig_ethernet_pcs_pma_0_gig_ethernet_pcs_pma_0_sync_block_31
INFO: [VRFC 10-311] analyzing module gig_ethernet_pcs_pma_0_gig_ethernet_pcs_pma_0_sync_block_32
INFO: [VRFC 10-311] analyzing module gig_ethernet_pcs_pma_0_gig_ethernet_pcs_pma_0_sync_block_33
INFO: [VRFC 10-311] analyzing module gig_ethernet_pcs_pma_0_gig_ethernet_pcs_pma_0_sync_block_35
INFO: [VRFC 10-311] analyzing module gig_ethernet_pcs_pma_0_gig_ethernet_pcs_pma_0_sync_block_36
INFO: [VRFC 10-311] analyzing module gig_ethernet_pcs_pma_0_gig_ethernet_pcs_pma_0_sync_block_4
INFO: [VRFC 10-311] analyzing module gig_ethernet_pcs_pma_0_gig_ethernet_pcs_pma_0_sync_block_5
INFO: [VRFC 10-311] analyzing module gig_ethernet_pcs_pma_0_gig_ethernet_pcs_pma_0_sync_block_6
INFO: [VRFC 10-311] analyzing module gig_ethernet_pcs_pma_0_gig_ethernet_pcs_pma_0_sync_block_7
INFO: [VRFC 10-311] analyzing module gig_ethernet_pcs_pma_0_gig_ethernet_pcs_pma_0_sync_block_8
INFO: [VRFC 10-311] analyzing module gig_ethernet_pcs_pma_0_gig_ethernet_pcs_pma_0_sync_block_9
INFO: [VRFC 10-311] analyzing module gig_ethernet_pcs_pma_0_gig_ethernet_pcs_pma_0_transceiver
INFO: [VRFC 10-311] analyzing module gig_ethernet_pcs_pma_0_gig_ethernet_pcs_pma_0_tx_rate_adapt
INFO: [VRFC 10-311] analyzing module tri_mode_ethernet_mac_0
INFO: [VRFC 10-311] analyzing module tri_mode_ethernet_mac_0_address_decoder
INFO: [VRFC 10-311] analyzing module tri_mode_ethernet_mac_0_address_swap
INFO: [VRFC 10-311] analyzing module tri_mode_ethernet_mac_0_axi_lite_ipif
INFO: [VRFC 10-311] analyzing module tri_mode_ethernet_mac_0_axi_lite_sm
INFO: [VRFC 10-311] analyzing module tri_mode_ethernet_mac_0_axi_pat_gen
INFO: [VRFC 10-311] analyzing module tri_mode_ethernet_mac_0_axi_pipe
INFO: [VRFC 10-311] analyzing module tri_mode_ethernet_mac_0_basic_pat_gen
INFO: [VRFC 10-311] analyzing module tri_mode_ethernet_mac_0_bram_tdp
INFO: [VRFC 10-311] analyzing module tri_mode_ethernet_mac_0_bram_tdp_0
INFO: [VRFC 10-311] analyzing module tri_mode_ethernet_mac_0_example_design
INFO: [VRFC 10-311] analyzing module tri_mode_ethernet_mac_0_example_design_resets
INFO: [VRFC 10-311] analyzing module tri_mode_ethernet_mac_0_fifo_block
INFO: [VRFC 10-311] analyzing module tri_mode_ethernet_mac_0_reset_sync
INFO: [VRFC 10-311] analyzing module tri_mode_ethernet_mac_0_reset_sync__1
INFO: [VRFC 10-311] analyzing module tri_mode_ethernet_mac_0_reset_sync__2
INFO: [VRFC 10-311] analyzing module tri_mode_ethernet_mac_0_reset_sync__3
INFO: [VRFC 10-311] analyzing module tri_mode_ethernet_mac_0_reset_sync__4
INFO: [VRFC 10-311] analyzing module tri_mode_ethernet_mac_0_rx_client_fifo
INFO: [VRFC 10-311] analyzing module tri_mode_ethernet_mac_0_slave_attachment
INFO: [VRFC 10-311] analyzing module tri_mode_ethernet_mac_0_support
INFO: [VRFC 10-311] analyzing module tri_mode_ethernet_mac_0_sync_block
INFO: [VRFC 10-311] analyzing module tri_mode_ethernet_mac_0_sync_block__1
INFO: [VRFC 10-311] analyzing module tri_mode_ethernet_mac_0_sync_block__2
INFO: [VRFC 10-311] analyzing module tri_mode_ethernet_mac_0_sync_block__3
INFO: [VRFC 10-311] analyzing module tri_mode_ethernet_mac_0_sync_block__4
INFO: [VRFC 10-311] analyzing module tri_mode_ethernet_mac_0_sync_block__5
INFO: [VRFC 10-311] analyzing module tri_mode_ethernet_mac_0_sync_block__6
INFO: [VRFC 10-311] analyzing module tri_mode_ethernet_mac_0_sync_block__7
INFO: [VRFC 10-311] analyzing module tri_mode_ethernet_mac_0_sync_block__8
INFO: [VRFC 10-311] analyzing module tri_mode_ethernet_mac_0_sync_block__9
INFO: [VRFC 10-311] analyzing module tri_mode_ethernet_mac_0_ten_100_1g_eth_fifo
INFO: [VRFC 10-311] analyzing module tri_mode_ethernet_mac_0_tri_mode_ethernet_mac_0_axi4_lite_ipif_top
INFO: [VRFC 10-311] analyzing module tri_mode_ethernet_mac_0_tri_mode_ethernet_mac_0_axi4_lite_ipif_wrapper
INFO: [VRFC 10-311] analyzing module tri_mode_ethernet_mac_0_tri_mode_ethernet_mac_0_block
INFO: [VRFC 10-311] analyzing module tri_mode_ethernet_mac_0_tri_mode_ethernet_mac_0_vector_decode
INFO: [VRFC 10-311] analyzing module tri_mode_ethernet_mac_0_tx_client_fifo
INFO: [VRFC 10-311] analyzing module gig_ethernet_pcs_pma_0_GPCS_PMA_GEN
INFO: [VRFC 10-311] analyzing module gig_ethernet_pcs_pma_0_RX
INFO: [VRFC 10-311] analyzing module gig_ethernet_pcs_pma_0_SYNCHRONISE
INFO: [VRFC 10-311] analyzing module gig_ethernet_pcs_pma_0_TX
INFO: [VRFC 10-311] analyzing module gig_ethernet_pcs_pma_0_gig_ethernet_pcs_pma_v16_2_0
INFO: [VRFC 10-311] analyzing module gig_ethernet_pcs_pma_0_reset_sync_block
INFO: [VRFC 10-311] analyzing module gig_ethernet_pcs_pma_0_sync_block
INFO: [VRFC 10-311] analyzing module tri_mode_ethernet_mac_0_tri_mode_ethernet_mac_v9_0_16
INFO: [VRFC 10-311] analyzing module tri_mode_ethernet_mac_0_tri_mode_ethernet_mac_v9_0_16_addr_filter
INFO: [VRFC 10-311] analyzing module tri_mode_ethernet_mac_0_tri_mode_ethernet_mac_v9_0_16_addr_filter_wrap
INFO: [VRFC 10-311] analyzing module tri_mode_ethernet_mac_0_tri_mode_ethernet_mac_v9_0_16_config
INFO: [VRFC 10-311] analyzing module tri_mode_ethernet_mac_0_tri_mode_ethernet_mac_v9_0_16_control
INFO: [VRFC 10-311] analyzing module tri_mode_ethernet_mac_0_tri_mode_ethernet_mac_v9_0_16_int_ctrl
INFO: [VRFC 10-311] analyzing module tri_mode_ethernet_mac_0_tri_mode_ethernet_mac_v9_0_16_ipic_mux
INFO: [VRFC 10-311] analyzing module tri_mode_ethernet_mac_0_tri_mode_ethernet_mac_v9_0_16_management
INFO: [VRFC 10-311] analyzing module tri_mode_ethernet_mac_0_tri_mode_ethernet_mac_v9_0_16_pfc_tx_cntl
INFO: [VRFC 10-311] analyzing module tri_mode_ethernet_mac_0_tri_mode_ethernet_mac_v9_0_16_rx_axi_intf
INFO: [VRFC 10-311] analyzing module tri_mode_ethernet_mac_0_tri_mode_ethernet_mac_v9_0_16_rx_cntl
INFO: [VRFC 10-311] analyzing module tri_mode_ethernet_mac_0_tri_mode_ethernet_mac_v9_0_16_rx_sync_req
INFO: [VRFC 10-311] analyzing module tri_mode_ethernet_mac_0_tri_mode_ethernet_mac_v9_0_16_tx_axi_intf
INFO: [VRFC 10-311] analyzing module tri_mode_ethernet_mac_0_tri_mode_ethernet_mac_v9_0_16_tx_cntl
INFO: [VRFC 10-311] analyzing module tri_mode_ethernet_mac_0_tri_mode_ethernet_mac_v9_0_16_tx_pause
INFO: [VRFC 10-311] analyzing module tri_mode_ethernet_mac_0_CC2CE
INFO: [VRFC 10-311] analyzing module tri_mode_ethernet_mac_0_CC2CE_124
INFO: [VRFC 10-311] analyzing module tri_mode_ethernet_mac_0_CC8CE
INFO: [VRFC 10-311] analyzing module tri_mode_ethernet_mac_0_CC8CE_120
INFO: [VRFC 10-311] analyzing module tri_mode_ethernet_mac_0_CC8CE_121
INFO: [VRFC 10-311] analyzing module tri_mode_ethernet_mac_0_CC8CE_122
INFO: [VRFC 10-311] analyzing module tri_mode_ethernet_mac_0_CC8CE_123
INFO: [VRFC 10-311] analyzing module tri_mode_ethernet_mac_0_CC8CE_7
INFO: [VRFC 10-311] analyzing module tri_mode_ethernet_mac_0_CC8CE_8
INFO: [VRFC 10-311] analyzing module tri_mode_ethernet_mac_0_CC8CE_9
INFO: [VRFC 10-311] analyzing module tri_mode_ethernet_mac_0_CRC32_8
INFO: [VRFC 10-311] analyzing module tri_mode_ethernet_mac_0_CRC32_8_119
INFO: [VRFC 10-311] analyzing module tri_mode_ethernet_mac_0_CRC_64_32
INFO: [VRFC 10-311] analyzing module tri_mode_ethernet_mac_0_CRC_64_32_117
INFO: [VRFC 10-311] analyzing module tri_mode_ethernet_mac_0_DECODE_FRAME
INFO: [VRFC 10-311] analyzing module tri_mode_ethernet_mac_0_PARAM_CHECK
INFO: [VRFC 10-311] analyzing module tri_mode_ethernet_mac_0_STATE_MACHINES
INFO: [VRFC 10-311] analyzing module tri_mode_ethernet_mac_0_TX_STATE_MACH
INFO: [VRFC 10-311] analyzing module tri_mode_ethernet_mac_0_increment_controller_14
INFO: [VRFC 10-311] analyzing module tri_mode_ethernet_mac_0_increment_controller_15
INFO: [VRFC 10-311] analyzing module tri_mode_ethernet_mac_0_increment_controller_16
INFO: [VRFC 10-311] analyzing module tri_mode_ethernet_mac_0_increment_controller_17
INFO: [VRFC 10-311] analyzing module tri_mode_ethernet_mac_0_increment_controller_18
INFO: [VRFC 10-311] analyzing module tri_mode_ethernet_mac_0_increment_controller_19
INFO: [VRFC 10-311] analyzing module tri_mode_ethernet_mac_0_increment_controller_20
INFO: [VRFC 10-311] analyzing module tri_mode_ethernet_mac_0_increment_controller_21
INFO: [VRFC 10-311] analyzing module tri_mode_ethernet_mac_0_increment_controller_22
INFO: [VRFC 10-311] analyzing module tri_mode_ethernet_mac_0_increment_controller_23
INFO: [VRFC 10-311] analyzing module tri_mode_ethernet_mac_0_increment_controller_24
INFO: [VRFC 10-311] analyzing module tri_mode_ethernet_mac_0_increment_controller_25
INFO: [VRFC 10-311] analyzing module tri_mode_ethernet_mac_0_tri_mode_ethernet_mac_v9_0_16_rx
INFO: [VRFC 10-311] analyzing module tri_mode_ethernet_mac_0_tri_mode_ethernet_mac_v9_0_16_statistics_core
INFO: [VRFC 10-311] analyzing module tri_mode_ethernet_mac_0_tri_mode_ethernet_mac_v9_0_16_sync_block
INFO: [VRFC 10-311] analyzing module tri_mode_ethernet_mac_0_tri_mode_ethernet_mac_v9_0_16_sync_block_125
INFO: [VRFC 10-311] analyzing module tri_mode_ethernet_mac_0_tri_mode_ethernet_mac_v9_0_16_sync_block_126
INFO: [VRFC 10-311] analyzing module tri_mode_ethernet_mac_0_tri_mode_ethernet_mac_v9_0_16_sync_block_127
INFO: [VRFC 10-311] analyzing module tri_mode_ethernet_mac_0_tri_mode_ethernet_mac_v9_0_16_sync_block_128
INFO: [VRFC 10-311] analyzing module tri_mode_ethernet_mac_0_tri_mode_ethernet_mac_v9_0_16_sync_block__parameterized1
INFO: [VRFC 10-311] analyzing module tri_mode_ethernet_mac_0_tri_mode_ethernet_mac_v9_0_16_sync_block__parameterized1_100
INFO: [VRFC 10-311] analyzing module tri_mode_ethernet_mac_0_tri_mode_ethernet_mac_v9_0_16_sync_block__parameterized1_101
INFO: [VRFC 10-311] analyzing module tri_mode_ethernet_mac_0_tri_mode_ethernet_mac_v9_0_16_sync_block__parameterized1_102
INFO: [VRFC 10-311] analyzing module tri_mode_ethernet_mac_0_tri_mode_ethernet_mac_v9_0_16_sync_block__parameterized1_103
INFO: [VRFC 10-311] analyzing module tri_mode_ethernet_mac_0_tri_mode_ethernet_mac_v9_0_16_sync_block__parameterized1_104
INFO: [VRFC 10-311] analyzing module tri_mode_ethernet_mac_0_tri_mode_ethernet_mac_v9_0_16_sync_block__parameterized1_105
INFO: [VRFC 10-311] analyzing module tri_mode_ethernet_mac_0_tri_mode_ethernet_mac_v9_0_16_sync_block__parameterized1_106
INFO: [VRFC 10-311] analyzing module tri_mode_ethernet_mac_0_tri_mode_ethernet_mac_v9_0_16_sync_block__parameterized1_107
INFO: [VRFC 10-311] analyzing module tri_mode_ethernet_mac_0_tri_mode_ethernet_mac_v9_0_16_sync_block__parameterized1_108
INFO: [VRFC 10-311] analyzing module tri_mode_ethernet_mac_0_tri_mode_ethernet_mac_v9_0_16_sync_block__parameterized1_109
INFO: [VRFC 10-311] analyzing module tri_mode_ethernet_mac_0_tri_mode_ethernet_mac_v9_0_16_sync_block__parameterized1_110
INFO: [VRFC 10-311] analyzing module tri_mode_ethernet_mac_0_tri_mode_ethernet_mac_v9_0_16_sync_block__parameterized1_111
INFO: [VRFC 10-311] analyzing module tri_mode_ethernet_mac_0_tri_mode_ethernet_mac_v9_0_16_sync_block__parameterized1_118
INFO: [VRFC 10-311] analyzing module tri_mode_ethernet_mac_0_tri_mode_ethernet_mac_v9_0_16_sync_block__parameterized1_45
INFO: [VRFC 10-311] analyzing module tri_mode_ethernet_mac_0_tri_mode_ethernet_mac_v9_0_16_sync_block__parameterized1_46
INFO: [VRFC 10-311] analyzing module tri_mode_ethernet_mac_0_tri_mode_ethernet_mac_v9_0_16_sync_reset
INFO: [VRFC 10-311] analyzing module tri_mode_ethernet_mac_0_tri_mode_ethernet_mac_v9_0_16_sync_reset_0
INFO: [VRFC 10-311] analyzing module tri_mode_ethernet_mac_0_tri_mode_ethernet_mac_v9_0_16_sync_reset_1
INFO: [VRFC 10-311] analyzing module tri_mode_ethernet_mac_0_tri_mode_ethernet_mac_v9_0_16_sync_reset_2
INFO: [VRFC 10-311] analyzing module tri_mode_ethernet_mac_0_tri_mode_ethernet_mac_v9_0_16_sync_reset_6
INFO: [VRFC 10-311] analyzing module tri_mode_ethernet_mac_0_tri_mode_ethernet_mac_v9_0_16_sync_reset__parameterized0
INFO: [VRFC 10-311] analyzing module tri_mode_ethernet_mac_0_tri_mode_ethernet_mac_v9_0_16_sync_reset__parameterized0_3
INFO: [VRFC 10-311] analyzing module tri_mode_ethernet_mac_0_tri_mode_ethernet_mac_v9_0_16_sync_reset__parameterized0_4
INFO: [VRFC 10-311] analyzing module tri_mode_ethernet_mac_0_tri_mode_ethernet_mac_v9_0_16_sync_reset__parameterized0_5
INFO: [VRFC 10-311] analyzing module tri_mode_ethernet_mac_0_tri_mode_ethernet_mac_v9_0_16_tx
INFO: [VRFC 10-311] analyzing module glbl
INFO: [VRFC 10-2263] Analyzing Verilog file "/home/daphnelme/Desktop/DAPHNE_SGMII/tri_mode_ethernet_mac_0_ex/imports/tri_mode_ethernet_mac_0_frame_typ.v" into library xil_defaultlib
INFO: [VRFC 10-311] analyzing module tri_mode_ethernet_mac_0_frame_typ
INFO: [VRFC 10-2263] Analyzing Verilog file "/home/daphnelme/Desktop/DAPHNE_SGMII/tri_mode_ethernet_mac_0_ex/imports/demo_tb.v" into library xil_defaultlib
INFO: [VRFC 10-311] analyzing module demo_tb
